The target system is: Generic -  - arm
The host system is: Linux - 5.10.102.1-microsoft-standard-WSL2 - x86_64
Compiling the C compiler identification source file "CMakeCCompilerId.c" succeeded.
Compiler: /home/kjuszcza/zephyr-sdk-0.13.2/arm-zephyr-eabi/bin/arm-zephyr-eabi-gcc 
Build flags: 
Id flags: -c 

The output was:
0


Compilation of the C compiler identification source "CMakeCCompilerId.c" produced "CMakeCCompilerId.o"

The C compiler identification is GNU, found in "/home/kjuszcza/magisterka/freertos/build/CMakeFiles/3.22.2/CompilerIdC/CMakeCCompilerId.o"

Checking whether the ASM compiler is GNU using "--version" matched "(GNU assembler)|(GCC)|(Free Software Foundation)":
arm-zephyr-eabi-gcc (crosstool-NG 1.24.0.378_e011758) 10.3.0
Copyright (C) 2020 Free Software Foundation, Inc.
This is free software; see the source for copying conditions.  There is NO
warranty; not even for MERCHANTABILITY or FITNESS FOR A PARTICULAR PURPOSE.

Detecting C compiler ABI info compiled with the following output:
Change Dir: /home/kjuszcza/magisterka/freertos/build/CMakeFiles/CMakeTmp

Run Build Command(s):/usr/bin/make -f Makefile cmTC_1a1ac/fast && /usr/bin/make  -f CMakeFiles/cmTC_1a1ac.dir/build.make CMakeFiles/cmTC_1a1ac.dir/build
make[1]: Entering directory '/home/kjuszcza/magisterka/freertos/build/CMakeFiles/CMakeTmp'
Building C object CMakeFiles/cmTC_1a1ac.dir/CMakeCCompilerABI.c.obj
/home/kjuszcza/zephyr-sdk-0.13.2/arm-zephyr-eabi/bin/arm-zephyr-eabi-gcc   -v -o CMakeFiles/cmTC_1a1ac.dir/CMakeCCompilerABI.c.obj -c /usr/share/cmake-3.22/Modules/CMakeCCompilerABI.c
Using built-in specs.
COLLECT_GCC=/home/kjuszcza/zephyr-sdk-0.13.2/arm-zephyr-eabi/bin/arm-zephyr-eabi-gcc
Target: arm-zephyr-eabi
Configured with: /workdir/build/build_arm/.build/arm-zephyr-eabi/src/gcc/configure --build=x86_64-build_pc-linux-gnu --host=x86_64-build_pc-linux-gnu --target=arm-zephyr-eabi --prefix=/workdir/build/output/arm-zephyr-eabi --exec_prefix=/workdir/build/output/arm-zephyr-eabi --with-local-prefix=/workdir/build/output/arm-zephyr-eabi/arm-zephyr-eabi --with-headers=/workdir/build/output/arm-zephyr-eabi/arm-zephyr-eabi/include --with-newlib --enable-threads=no --disable-shared --with-pkgversion='crosstool-NG 1.24.0.378_e011758' --enable-__cxa_atexit --disable-tm-clone-registry --disable-libgomp --disable-libmudflap --disable-libmpx --disable-libssp --disable-libquadmath --disable-libquadmath-support --with-gmp=/workdir/build/build_arm/.build/arm-zephyr-eabi/buildtools --with-mpfr=/workdir/build/build_arm/.build/arm-zephyr-eabi/buildtools --with-mpc=/workdir/build/build_arm/.build/arm-zephyr-eabi/buildtools --with-isl=/workdir/build/build_arm/.build/arm-zephyr-eabi/buildtools --enable-lto --with-host-libstdcxx='-static-libgcc -Wl,-Bstatic,-lstdc++,-Bdynamic -lm' --enable-target-optspace --disable-nls --enable-multiarch --with-multilib-list=rmprofile --enable-languages=c,c++ --with-gnu-ld --with-gnu-as --enable-initfini-array
Thread model: single
Supported LTO compression algorithms: zlib
gcc version 10.3.0 (crosstool-NG 1.24.0.378_e011758) 
COLLECT_GCC_OPTIONS='-v' '-o' 'CMakeFiles/cmTC_1a1ac.dir/CMakeCCompilerABI.c.obj' '-c' '-mcpu=arm7tdmi' '-mfloat-abi=soft' '-marm' '-march=armv4t'
 /home/kjuszcza/zephyr-sdk-0.13.2/arm-zephyr-eabi/bin/../libexec/gcc/arm-zephyr-eabi/10.3.0/cc1 -quiet -v -iprefix /home/kjuszcza/zephyr-sdk-0.13.2/arm-zephyr-eabi/bin/../lib/gcc/arm-zephyr-eabi/10.3.0/ -D__USES_INITFINI__ /usr/share/cmake-3.22/Modules/CMakeCCompilerABI.c -quiet -dumpbase CMakeCCompilerABI.c -mcpu=arm7tdmi -mfloat-abi=soft -marm -march=armv4t -auxbase-strip CMakeFiles/cmTC_1a1ac.dir/CMakeCCompilerABI.c.obj -version -o /tmp/ccOPeSPF.s
GNU C17 (crosstool-NG 1.24.0.378_e011758) version 10.3.0 (arm-zephyr-eabi)
	compiled by GNU C version 7.5.0, GMP version 6.2.1, MPFR version 4.1.0, MPC version 1.2.0, isl version isl-0.24-GMP

GGC heuristics: --param ggc-min-expand=100 --param ggc-min-heapsize=131072
ignoring duplicate directory "/home/kjuszcza/zephyr-sdk-0.13.2/arm-zephyr-eabi/bin/../lib/gcc/../../lib/gcc/arm-zephyr-eabi/10.3.0/include"
ignoring duplicate directory "/home/kjuszcza/zephyr-sdk-0.13.2/arm-zephyr-eabi/bin/../lib/gcc/../../lib/gcc/arm-zephyr-eabi/10.3.0/include-fixed"
ignoring duplicate directory "/home/kjuszcza/zephyr-sdk-0.13.2/arm-zephyr-eabi/bin/../lib/gcc/../../lib/gcc/arm-zephyr-eabi/10.3.0/../../../../arm-zephyr-eabi/sys-include"
ignoring duplicate directory "/home/kjuszcza/zephyr-sdk-0.13.2/arm-zephyr-eabi/bin/../lib/gcc/../../lib/gcc/arm-zephyr-eabi/10.3.0/../../../../arm-zephyr-eabi/include"
#include "..." search starts here:
#include <...> search starts here:
 /home/kjuszcza/zephyr-sdk-0.13.2/arm-zephyr-eabi/bin/../lib/gcc/arm-zephyr-eabi/10.3.0/include
 /home/kjuszcza/zephyr-sdk-0.13.2/arm-zephyr-eabi/bin/../lib/gcc/arm-zephyr-eabi/10.3.0/include-fixed
 /home/kjuszcza/zephyr-sdk-0.13.2/arm-zephyr-eabi/bin/../lib/gcc/arm-zephyr-eabi/10.3.0/../../../../arm-zephyr-eabi/sys-include
 /home/kjuszcza/zephyr-sdk-0.13.2/arm-zephyr-eabi/bin/../lib/gcc/arm-zephyr-eabi/10.3.0/../../../../arm-zephyr-eabi/include
End of search list.
GNU C17 (crosstool-NG 1.24.0.378_e011758) version 10.3.0 (arm-zephyr-eabi)
	compiled by GNU C version 7.5.0, GMP version 6.2.1, MPFR version 4.1.0, MPC version 1.2.0, isl version isl-0.24-GMP

GGC heuristics: --param ggc-min-expand=100 --param ggc-min-heapsize=131072
Compiler executable checksum: 035964c5f3967f83c74e13b350966ccc
COLLECT_GCC_OPTIONS='-v' '-o' 'CMakeFiles/cmTC_1a1ac.dir/CMakeCCompilerABI.c.obj' '-c' '-mcpu=arm7tdmi' '-mfloat-abi=soft' '-marm' '-march=armv4t'
 /home/kjuszcza/zephyr-sdk-0.13.2/arm-zephyr-eabi/bin/../lib/gcc/arm-zephyr-eabi/10.3.0/../../../../arm-zephyr-eabi/bin/as -v -march=armv4t -mfloat-abi=soft -meabi=5 -o CMakeFiles/cmTC_1a1ac.dir/CMakeCCompilerABI.c.obj /tmp/ccOPeSPF.s
GNU assembler version 2.35.1 (arm-zephyr-eabi) using BFD version (crosstool-NG 1.24.0.378_e011758) 2.35.1
COMPILER_PATH=/home/kjuszcza/zephyr-sdk-0.13.2/arm-zephyr-eabi/bin/../libexec/gcc/arm-zephyr-eabi/10.3.0/:/home/kjuszcza/zephyr-sdk-0.13.2/arm-zephyr-eabi/bin/../libexec/gcc/:/home/kjuszcza/zephyr-sdk-0.13.2/arm-zephyr-eabi/bin/../lib/gcc/arm-zephyr-eabi/10.3.0/../../../../arm-zephyr-eabi/bin/
LIBRARY_PATH=/home/kjuszcza/zephyr-sdk-0.13.2/arm-zephyr-eabi/bin/../lib/gcc/arm-zephyr-eabi/10.3.0/:/home/kjuszcza/zephyr-sdk-0.13.2/arm-zephyr-eabi/bin/../lib/gcc/:/home/kjuszcza/zephyr-sdk-0.13.2/arm-zephyr-eabi/bin/../lib/gcc/arm-zephyr-eabi/10.3.0/../../../../arm-zephyr-eabi/lib/
COLLECT_GCC_OPTIONS='-v' '-o' 'CMakeFiles/cmTC_1a1ac.dir/CMakeCCompilerABI.c.obj' '-c' '-mcpu=arm7tdmi' '-mfloat-abi=soft' '-marm' '-march=armv4t'
Linking C static library libcmTC_1a1ac.a
/usr/bin/cmake -P CMakeFiles/cmTC_1a1ac.dir/cmake_clean_target.cmake
/usr/bin/cmake -E cmake_link_script CMakeFiles/cmTC_1a1ac.dir/link.txt --verbose=1
/home/kjuszcza/zephyr-sdk-0.13.2/arm-zephyr-eabi/bin/arm-zephyr-eabi-gcc-ar qc libcmTC_1a1ac.a CMakeFiles/cmTC_1a1ac.dir/CMakeCCompilerABI.c.obj
/home/kjuszcza/zephyr-sdk-0.13.2/arm-zephyr-eabi/bin/arm-zephyr-eabi-gcc-ranlib libcmTC_1a1ac.a
make[1]: Leaving directory '/home/kjuszcza/magisterka/freertos/build/CMakeFiles/CMakeTmp'



Parsed C implicit include dir info from above output: rv=done
  found start of include info
  found start of implicit include info
    add: [/home/kjuszcza/zephyr-sdk-0.13.2/arm-zephyr-eabi/bin/../lib/gcc/arm-zephyr-eabi/10.3.0/include]
    add: [/home/kjuszcza/zephyr-sdk-0.13.2/arm-zephyr-eabi/bin/../lib/gcc/arm-zephyr-eabi/10.3.0/include-fixed]
    add: [/home/kjuszcza/zephyr-sdk-0.13.2/arm-zephyr-eabi/bin/../lib/gcc/arm-zephyr-eabi/10.3.0/../../../../arm-zephyr-eabi/sys-include]
    add: [/home/kjuszcza/zephyr-sdk-0.13.2/arm-zephyr-eabi/bin/../lib/gcc/arm-zephyr-eabi/10.3.0/../../../../arm-zephyr-eabi/include]
  end of search list found
  collapse include dir [/home/kjuszcza/zephyr-sdk-0.13.2/arm-zephyr-eabi/bin/../lib/gcc/arm-zephyr-eabi/10.3.0/include] ==> [/home/kjuszcza/zephyr-sdk-0.13.2/arm-zephyr-eabi/lib/gcc/arm-zephyr-eabi/10.3.0/include]
  collapse include dir [/home/kjuszcza/zephyr-sdk-0.13.2/arm-zephyr-eabi/bin/../lib/gcc/arm-zephyr-eabi/10.3.0/include-fixed] ==> [/home/kjuszcza/zephyr-sdk-0.13.2/arm-zephyr-eabi/lib/gcc/arm-zephyr-eabi/10.3.0/include-fixed]
  collapse include dir [/home/kjuszcza/zephyr-sdk-0.13.2/arm-zephyr-eabi/bin/../lib/gcc/arm-zephyr-eabi/10.3.0/../../../../arm-zephyr-eabi/sys-include] ==> [/home/kjuszcza/zephyr-sdk-0.13.2/arm-zephyr-eabi/arm-zephyr-eabi/sys-include]
  collapse include dir [/home/kjuszcza/zephyr-sdk-0.13.2/arm-zephyr-eabi/bin/../lib/gcc/arm-zephyr-eabi/10.3.0/../../../../arm-zephyr-eabi/include] ==> [/home/kjuszcza/zephyr-sdk-0.13.2/arm-zephyr-eabi/arm-zephyr-eabi/include]
  implicit include dirs: [/home/kjuszcza/zephyr-sdk-0.13.2/arm-zephyr-eabi/lib/gcc/arm-zephyr-eabi/10.3.0/include;/home/kjuszcza/zephyr-sdk-0.13.2/arm-zephyr-eabi/lib/gcc/arm-zephyr-eabi/10.3.0/include-fixed;/home/kjuszcza/zephyr-sdk-0.13.2/arm-zephyr-eabi/arm-zephyr-eabi/sys-include;/home/kjuszcza/zephyr-sdk-0.13.2/arm-zephyr-eabi/arm-zephyr-eabi/include]


Parsed C implicit link information from above output:
  link line regex: [^( *|.*[/\])(arm-zephyr-eabi-ld|CMAKE_LINK_STARTFILE-NOTFOUND|([^/\]+-)?ld|collect2)[^/\]*( |$)]
  ignore line: [Change Dir: /home/kjuszcza/magisterka/freertos/build/CMakeFiles/CMakeTmp]
  ignore line: []
  ignore line: [Run Build Command(s):/usr/bin/make -f Makefile cmTC_1a1ac/fast && /usr/bin/make  -f CMakeFiles/cmTC_1a1ac.dir/build.make CMakeFiles/cmTC_1a1ac.dir/build]
  ignore line: [make[1]: Entering directory '/home/kjuszcza/magisterka/freertos/build/CMakeFiles/CMakeTmp']
  ignore line: [Building C object CMakeFiles/cmTC_1a1ac.dir/CMakeCCompilerABI.c.obj]
  ignore line: [/home/kjuszcza/zephyr-sdk-0.13.2/arm-zephyr-eabi/bin/arm-zephyr-eabi-gcc   -v -o CMakeFiles/cmTC_1a1ac.dir/CMakeCCompilerABI.c.obj -c /usr/share/cmake-3.22/Modules/CMakeCCompilerABI.c]
  ignore line: [Using built-in specs.]
  ignore line: [COLLECT_GCC=/home/kjuszcza/zephyr-sdk-0.13.2/arm-zephyr-eabi/bin/arm-zephyr-eabi-gcc]
  ignore line: [Target: arm-zephyr-eabi]
  ignore line: [Configured with: /workdir/build/build_arm/.build/arm-zephyr-eabi/src/gcc/configure --build=x86_64-build_pc-linux-gnu --host=x86_64-build_pc-linux-gnu --target=arm-zephyr-eabi --prefix=/workdir/build/output/arm-zephyr-eabi --exec_prefix=/workdir/build/output/arm-zephyr-eabi --with-local-prefix=/workdir/build/output/arm-zephyr-eabi/arm-zephyr-eabi --with-headers=/workdir/build/output/arm-zephyr-eabi/arm-zephyr-eabi/include --with-newlib --enable-threads=no --disable-shared --with-pkgversion='crosstool-NG 1.24.0.378_e011758' --enable-__cxa_atexit --disable-tm-clone-registry --disable-libgomp --disable-libmudflap --disable-libmpx --disable-libssp --disable-libquadmath --disable-libquadmath-support --with-gmp=/workdir/build/build_arm/.build/arm-zephyr-eabi/buildtools --with-mpfr=/workdir/build/build_arm/.build/arm-zephyr-eabi/buildtools --with-mpc=/workdir/build/build_arm/.build/arm-zephyr-eabi/buildtools --with-isl=/workdir/build/build_arm/.build/arm-zephyr-eabi/buildtools --enable-lto --with-host-libstdcxx='-static-libgcc -Wl,-Bstatic,-lstdc++,-Bdynamic -lm' --enable-target-optspace --disable-nls --enable-multiarch --with-multilib-list=rmprofile --enable-languages=c,c++ --with-gnu-ld --with-gnu-as --enable-initfini-array]
  ignore line: [Thread model: single]
  ignore line: [Supported LTO compression algorithms: zlib]
  ignore line: [gcc version 10.3.0 (crosstool-NG 1.24.0.378_e011758) ]
  ignore line: [COLLECT_GCC_OPTIONS='-v' '-o' 'CMakeFiles/cmTC_1a1ac.dir/CMakeCCompilerABI.c.obj' '-c' '-mcpu=arm7tdmi' '-mfloat-abi=soft' '-marm' '-march=armv4t']
  ignore line: [ /home/kjuszcza/zephyr-sdk-0.13.2/arm-zephyr-eabi/bin/../libexec/gcc/arm-zephyr-eabi/10.3.0/cc1 -quiet -v -iprefix /home/kjuszcza/zephyr-sdk-0.13.2/arm-zephyr-eabi/bin/../lib/gcc/arm-zephyr-eabi/10.3.0/ -D__USES_INITFINI__ /usr/share/cmake-3.22/Modules/CMakeCCompilerABI.c -quiet -dumpbase CMakeCCompilerABI.c -mcpu=arm7tdmi -mfloat-abi=soft -marm -march=armv4t -auxbase-strip CMakeFiles/cmTC_1a1ac.dir/CMakeCCompilerABI.c.obj -version -o /tmp/ccOPeSPF.s]
  ignore line: [GNU C17 (crosstool-NG 1.24.0.378_e011758) version 10.3.0 (arm-zephyr-eabi)]
  ignore line: [	compiled by GNU C version 7.5.0  GMP version 6.2.1  MPFR version 4.1.0  MPC version 1.2.0  isl version isl-0.24-GMP]
  ignore line: []
  ignore line: [GGC heuristics: --param ggc-min-expand=100 --param ggc-min-heapsize=131072]
  ignore line: [ignoring duplicate directory "/home/kjuszcza/zephyr-sdk-0.13.2/arm-zephyr-eabi/bin/../lib/gcc/../../lib/gcc/arm-zephyr-eabi/10.3.0/include"]
  ignore line: [ignoring duplicate directory "/home/kjuszcza/zephyr-sdk-0.13.2/arm-zephyr-eabi/bin/../lib/gcc/../../lib/gcc/arm-zephyr-eabi/10.3.0/include-fixed"]
  ignore line: [ignoring duplicate directory "/home/kjuszcza/zephyr-sdk-0.13.2/arm-zephyr-eabi/bin/../lib/gcc/../../lib/gcc/arm-zephyr-eabi/10.3.0/../../../../arm-zephyr-eabi/sys-include"]
  ignore line: [ignoring duplicate directory "/home/kjuszcza/zephyr-sdk-0.13.2/arm-zephyr-eabi/bin/../lib/gcc/../../lib/gcc/arm-zephyr-eabi/10.3.0/../../../../arm-zephyr-eabi/include"]
  ignore line: [#include "..." search starts here:]
  ignore line: [#include <...> search starts here:]
  ignore line: [ /home/kjuszcza/zephyr-sdk-0.13.2/arm-zephyr-eabi/bin/../lib/gcc/arm-zephyr-eabi/10.3.0/include]
  ignore line: [ /home/kjuszcza/zephyr-sdk-0.13.2/arm-zephyr-eabi/bin/../lib/gcc/arm-zephyr-eabi/10.3.0/include-fixed]
  ignore line: [ /home/kjuszcza/zephyr-sdk-0.13.2/arm-zephyr-eabi/bin/../lib/gcc/arm-zephyr-eabi/10.3.0/../../../../arm-zephyr-eabi/sys-include]
  ignore line: [ /home/kjuszcza/zephyr-sdk-0.13.2/arm-zephyr-eabi/bin/../lib/gcc/arm-zephyr-eabi/10.3.0/../../../../arm-zephyr-eabi/include]
  ignore line: [End of search list.]
  ignore line: [GNU C17 (crosstool-NG 1.24.0.378_e011758) version 10.3.0 (arm-zephyr-eabi)]
  ignore line: [	compiled by GNU C version 7.5.0  GMP version 6.2.1  MPFR version 4.1.0  MPC version 1.2.0  isl version isl-0.24-GMP]
  ignore line: []
  ignore line: [GGC heuristics: --param ggc-min-expand=100 --param ggc-min-heapsize=131072]
  ignore line: [Compiler executable checksum: 035964c5f3967f83c74e13b350966ccc]
  ignore line: [COLLECT_GCC_OPTIONS='-v' '-o' 'CMakeFiles/cmTC_1a1ac.dir/CMakeCCompilerABI.c.obj' '-c' '-mcpu=arm7tdmi' '-mfloat-abi=soft' '-marm' '-march=armv4t']
  ignore line: [ /home/kjuszcza/zephyr-sdk-0.13.2/arm-zephyr-eabi/bin/../lib/gcc/arm-zephyr-eabi/10.3.0/../../../../arm-zephyr-eabi/bin/as -v -march=armv4t -mfloat-abi=soft -meabi=5 -o CMakeFiles/cmTC_1a1ac.dir/CMakeCCompilerABI.c.obj /tmp/ccOPeSPF.s]
  ignore line: [GNU assembler version 2.35.1 (arm-zephyr-eabi) using BFD version (crosstool-NG 1.24.0.378_e011758) 2.35.1]
  ignore line: [COMPILER_PATH=/home/kjuszcza/zephyr-sdk-0.13.2/arm-zephyr-eabi/bin/../libexec/gcc/arm-zephyr-eabi/10.3.0/:/home/kjuszcza/zephyr-sdk-0.13.2/arm-zephyr-eabi/bin/../libexec/gcc/:/home/kjuszcza/zephyr-sdk-0.13.2/arm-zephyr-eabi/bin/../lib/gcc/arm-zephyr-eabi/10.3.0/../../../../arm-zephyr-eabi/bin/]
  ignore line: [LIBRARY_PATH=/home/kjuszcza/zephyr-sdk-0.13.2/arm-zephyr-eabi/bin/../lib/gcc/arm-zephyr-eabi/10.3.0/:/home/kjuszcza/zephyr-sdk-0.13.2/arm-zephyr-eabi/bin/../lib/gcc/:/home/kjuszcza/zephyr-sdk-0.13.2/arm-zephyr-eabi/bin/../lib/gcc/arm-zephyr-eabi/10.3.0/../../../../arm-zephyr-eabi/lib/]
  ignore line: [COLLECT_GCC_OPTIONS='-v' '-o' 'CMakeFiles/cmTC_1a1ac.dir/CMakeCCompilerABI.c.obj' '-c' '-mcpu=arm7tdmi' '-mfloat-abi=soft' '-marm' '-march=armv4t']
  ignore line: [Linking C static library libcmTC_1a1ac.a]
  ignore line: [/usr/bin/cmake -P CMakeFiles/cmTC_1a1ac.dir/cmake_clean_target.cmake]
  ignore line: [/usr/bin/cmake -E cmake_link_script CMakeFiles/cmTC_1a1ac.dir/link.txt --verbose=1]
  ignore line: [/home/kjuszcza/zephyr-sdk-0.13.2/arm-zephyr-eabi/bin/arm-zephyr-eabi-gcc-ar qc libcmTC_1a1ac.a CMakeFiles/cmTC_1a1ac.dir/CMakeCCompilerABI.c.obj]
  ignore line: [/home/kjuszcza/zephyr-sdk-0.13.2/arm-zephyr-eabi/bin/arm-zephyr-eabi-gcc-ranlib libcmTC_1a1ac.a]
  ignore line: [make[1]: Leaving directory '/home/kjuszcza/magisterka/freertos/build/CMakeFiles/CMakeTmp']
  ignore line: []
  ignore line: []
  implicit libs: []
  implicit objs: []
  implicit dirs: []
  implicit fwks: []


Compiling the CXX compiler identification source file "CMakeCXXCompilerId.cpp" succeeded.
Compiler: /home/kjuszcza/zephyr-sdk-0.13.2/arm-zephyr-eabi/bin/arm-zephyr-eabi-g++ 
Build flags: 
Id flags: -c 

The output was:
0


Compilation of the CXX compiler identification source "CMakeCXXCompilerId.cpp" produced "CMakeCXXCompilerId.o"

The CXX compiler identification is GNU, found in "/home/kjuszcza/magisterka/freertos/build/CMakeFiles/3.22.2/CompilerIdCXX/CMakeCXXCompilerId.o"

Detecting CXX compiler ABI info compiled with the following output:
Change Dir: /home/kjuszcza/magisterka/freertos/build/CMakeFiles/CMakeTmp

Run Build Command(s):/usr/bin/make -f Makefile cmTC_46c3f/fast && /usr/bin/make  -f CMakeFiles/cmTC_46c3f.dir/build.make CMakeFiles/cmTC_46c3f.dir/build
make[1]: Entering directory '/home/kjuszcza/magisterka/freertos/build/CMakeFiles/CMakeTmp'
Building CXX object CMakeFiles/cmTC_46c3f.dir/CMakeCXXCompilerABI.cpp.obj
/home/kjuszcza/zephyr-sdk-0.13.2/arm-zephyr-eabi/bin/arm-zephyr-eabi-g++   -v -o CMakeFiles/cmTC_46c3f.dir/CMakeCXXCompilerABI.cpp.obj -c /usr/share/cmake-3.22/Modules/CMakeCXXCompilerABI.cpp
Using built-in specs.
COLLECT_GCC=/home/kjuszcza/zephyr-sdk-0.13.2/arm-zephyr-eabi/bin/arm-zephyr-eabi-g++
Target: arm-zephyr-eabi
Configured with: /workdir/build/build_arm/.build/arm-zephyr-eabi/src/gcc/configure --build=x86_64-build_pc-linux-gnu --host=x86_64-build_pc-linux-gnu --target=arm-zephyr-eabi --prefix=/workdir/build/output/arm-zephyr-eabi --exec_prefix=/workdir/build/output/arm-zephyr-eabi --with-local-prefix=/workdir/build/output/arm-zephyr-eabi/arm-zephyr-eabi --with-headers=/workdir/build/output/arm-zephyr-eabi/arm-zephyr-eabi/include --with-newlib --enable-threads=no --disable-shared --with-pkgversion='crosstool-NG 1.24.0.378_e011758' --enable-__cxa_atexit --disable-tm-clone-registry --disable-libgomp --disable-libmudflap --disable-libmpx --disable-libssp --disable-libquadmath --disable-libquadmath-support --with-gmp=/workdir/build/build_arm/.build/arm-zephyr-eabi/buildtools --with-mpfr=/workdir/build/build_arm/.build/arm-zephyr-eabi/buildtools --with-mpc=/workdir/build/build_arm/.build/arm-zephyr-eabi/buildtools --with-isl=/workdir/build/build_arm/.build/arm-zephyr-eabi/buildtools --enable-lto --with-host-libstdcxx='-static-libgcc -Wl,-Bstatic,-lstdc++,-Bdynamic -lm' --enable-target-optspace --disable-nls --enable-multiarch --with-multilib-list=rmprofile --enable-languages=c,c++ --with-gnu-ld --with-gnu-as --enable-initfini-array
Thread model: single
Supported LTO compression algorithms: zlib
gcc version 10.3.0 (crosstool-NG 1.24.0.378_e011758) 
COLLECT_GCC_OPTIONS='-v' '-o' 'CMakeFiles/cmTC_46c3f.dir/CMakeCXXCompilerABI.cpp.obj' '-c' '-mcpu=arm7tdmi' '-mfloat-abi=soft' '-marm' '-march=armv4t'
 /home/kjuszcza/zephyr-sdk-0.13.2/arm-zephyr-eabi/bin/../libexec/gcc/arm-zephyr-eabi/10.3.0/cc1plus -quiet -v -iprefix /home/kjuszcza/zephyr-sdk-0.13.2/arm-zephyr-eabi/bin/../lib/gcc/arm-zephyr-eabi/10.3.0/ -D__USES_INITFINI__ /usr/share/cmake-3.22/Modules/CMakeCXXCompilerABI.cpp -quiet -dumpbase CMakeCXXCompilerABI.cpp -mcpu=arm7tdmi -mfloat-abi=soft -marm -march=armv4t -auxbase-strip CMakeFiles/cmTC_46c3f.dir/CMakeCXXCompilerABI.cpp.obj -version -o /tmp/ccHGc3UC.s
GNU C++14 (crosstool-NG 1.24.0.378_e011758) version 10.3.0 (arm-zephyr-eabi)
	compiled by GNU C version 7.5.0, GMP version 6.2.1, MPFR version 4.1.0, MPC version 1.2.0, isl version isl-0.24-GMP

GGC heuristics: --param ggc-min-expand=100 --param ggc-min-heapsize=131072
ignoring duplicate directory "/home/kjuszcza/zephyr-sdk-0.13.2/arm-zephyr-eabi/bin/../lib/gcc/../../lib/gcc/arm-zephyr-eabi/10.3.0/../../../../arm-zephyr-eabi/include/c++/10.3.0"
ignoring duplicate directory "/home/kjuszcza/zephyr-sdk-0.13.2/arm-zephyr-eabi/bin/../lib/gcc/../../lib/gcc/arm-zephyr-eabi/10.3.0/../../../../arm-zephyr-eabi/include/c++/10.3.0/arm-zephyr-eabi"
ignoring duplicate directory "/home/kjuszcza/zephyr-sdk-0.13.2/arm-zephyr-eabi/bin/../lib/gcc/../../lib/gcc/arm-zephyr-eabi/10.3.0/../../../../arm-zephyr-eabi/include/c++/10.3.0/backward"
ignoring duplicate directory "/home/kjuszcza/zephyr-sdk-0.13.2/arm-zephyr-eabi/bin/../lib/gcc/../../lib/gcc/arm-zephyr-eabi/10.3.0/include"
ignoring duplicate directory "/home/kjuszcza/zephyr-sdk-0.13.2/arm-zephyr-eabi/bin/../lib/gcc/../../lib/gcc/arm-zephyr-eabi/10.3.0/include-fixed"
ignoring duplicate directory "/home/kjuszcza/zephyr-sdk-0.13.2/arm-zephyr-eabi/bin/../lib/gcc/../../lib/gcc/arm-zephyr-eabi/10.3.0/../../../../arm-zephyr-eabi/sys-include"
ignoring duplicate directory "/home/kjuszcza/zephyr-sdk-0.13.2/arm-zephyr-eabi/bin/../lib/gcc/../../lib/gcc/arm-zephyr-eabi/10.3.0/../../../../arm-zephyr-eabi/include"
#include "..." search starts here:
#include <...> search starts here:
 /home/kjuszcza/zephyr-sdk-0.13.2/arm-zephyr-eabi/bin/../lib/gcc/arm-zephyr-eabi/10.3.0/../../../../arm-zephyr-eabi/include/c++/10.3.0
 /home/kjuszcza/zephyr-sdk-0.13.2/arm-zephyr-eabi/bin/../lib/gcc/arm-zephyr-eabi/10.3.0/../../../../arm-zephyr-eabi/include/c++/10.3.0/arm-zephyr-eabi
 /home/kjuszcza/zephyr-sdk-0.13.2/arm-zephyr-eabi/bin/../lib/gcc/arm-zephyr-eabi/10.3.0/../../../../arm-zephyr-eabi/include/c++/10.3.0/backward
 /home/kjuszcza/zephyr-sdk-0.13.2/arm-zephyr-eabi/bin/../lib/gcc/arm-zephyr-eabi/10.3.0/include
 /home/kjuszcza/zephyr-sdk-0.13.2/arm-zephyr-eabi/bin/../lib/gcc/arm-zephyr-eabi/10.3.0/include-fixed
 /home/kjuszcza/zephyr-sdk-0.13.2/arm-zephyr-eabi/bin/../lib/gcc/arm-zephyr-eabi/10.3.0/../../../../arm-zephyr-eabi/sys-include
 /home/kjuszcza/zephyr-sdk-0.13.2/arm-zephyr-eabi/bin/../lib/gcc/arm-zephyr-eabi/10.3.0/../../../../arm-zephyr-eabi/include
End of search list.
GNU C++14 (crosstool-NG 1.24.0.378_e011758) version 10.3.0 (arm-zephyr-eabi)
	compiled by GNU C version 7.5.0, GMP version 6.2.1, MPFR version 4.1.0, MPC version 1.2.0, isl version isl-0.24-GMP

GGC heuristics: --param ggc-min-expand=100 --param ggc-min-heapsize=131072
Compiler executable checksum: 53610aedd797d40df1ea0dbe9a5b11c0
COLLECT_GCC_OPTIONS='-v' '-o' 'CMakeFiles/cmTC_46c3f.dir/CMakeCXXCompilerABI.cpp.obj' '-c' '-mcpu=arm7tdmi' '-mfloat-abi=soft' '-marm' '-march=armv4t'
 /home/kjuszcza/zephyr-sdk-0.13.2/arm-zephyr-eabi/bin/../lib/gcc/arm-zephyr-eabi/10.3.0/../../../../arm-zephyr-eabi/bin/as -v -march=armv4t -mfloat-abi=soft -meabi=5 -o CMakeFiles/cmTC_46c3f.dir/CMakeCXXCompilerABI.cpp.obj /tmp/ccHGc3UC.s
GNU assembler version 2.35.1 (arm-zephyr-eabi) using BFD version (crosstool-NG 1.24.0.378_e011758) 2.35.1
COMPILER_PATH=/home/kjuszcza/zephyr-sdk-0.13.2/arm-zephyr-eabi/bin/../libexec/gcc/arm-zephyr-eabi/10.3.0/:/home/kjuszcza/zephyr-sdk-0.13.2/arm-zephyr-eabi/bin/../libexec/gcc/:/home/kjuszcza/zephyr-sdk-0.13.2/arm-zephyr-eabi/bin/../lib/gcc/arm-zephyr-eabi/10.3.0/../../../../arm-zephyr-eabi/bin/
LIBRARY_PATH=/home/kjuszcza/zephyr-sdk-0.13.2/arm-zephyr-eabi/bin/../lib/gcc/arm-zephyr-eabi/10.3.0/:/home/kjuszcza/zephyr-sdk-0.13.2/arm-zephyr-eabi/bin/../lib/gcc/:/home/kjuszcza/zephyr-sdk-0.13.2/arm-zephyr-eabi/bin/../lib/gcc/arm-zephyr-eabi/10.3.0/../../../../arm-zephyr-eabi/lib/
COLLECT_GCC_OPTIONS='-v' '-o' 'CMakeFiles/cmTC_46c3f.dir/CMakeCXXCompilerABI.cpp.obj' '-c' '-mcpu=arm7tdmi' '-mfloat-abi=soft' '-marm' '-march=armv4t'
Linking CXX static library libcmTC_46c3f.a
/usr/bin/cmake -P CMakeFiles/cmTC_46c3f.dir/cmake_clean_target.cmake
/usr/bin/cmake -E cmake_link_script CMakeFiles/cmTC_46c3f.dir/link.txt --verbose=1
/home/kjuszcza/zephyr-sdk-0.13.2/arm-zephyr-eabi/bin/arm-zephyr-eabi-gcc-ar qc libcmTC_46c3f.a CMakeFiles/cmTC_46c3f.dir/CMakeCXXCompilerABI.cpp.obj
/home/kjuszcza/zephyr-sdk-0.13.2/arm-zephyr-eabi/bin/arm-zephyr-eabi-gcc-ranlib libcmTC_46c3f.a
make[1]: Leaving directory '/home/kjuszcza/magisterka/freertos/build/CMakeFiles/CMakeTmp'



Parsed CXX implicit include dir info from above output: rv=done
  found start of include info
  found start of implicit include info
    add: [/home/kjuszcza/zephyr-sdk-0.13.2/arm-zephyr-eabi/bin/../lib/gcc/arm-zephyr-eabi/10.3.0/../../../../arm-zephyr-eabi/include/c++/10.3.0]
    add: [/home/kjuszcza/zephyr-sdk-0.13.2/arm-zephyr-eabi/bin/../lib/gcc/arm-zephyr-eabi/10.3.0/../../../../arm-zephyr-eabi/include/c++/10.3.0/arm-zephyr-eabi]
    add: [/home/kjuszcza/zephyr-sdk-0.13.2/arm-zephyr-eabi/bin/../lib/gcc/arm-zephyr-eabi/10.3.0/../../../../arm-zephyr-eabi/include/c++/10.3.0/backward]
    add: [/home/kjuszcza/zephyr-sdk-0.13.2/arm-zephyr-eabi/bin/../lib/gcc/arm-zephyr-eabi/10.3.0/include]
    add: [/home/kjuszcza/zephyr-sdk-0.13.2/arm-zephyr-eabi/bin/../lib/gcc/arm-zephyr-eabi/10.3.0/include-fixed]
    add: [/home/kjuszcza/zephyr-sdk-0.13.2/arm-zephyr-eabi/bin/../lib/gcc/arm-zephyr-eabi/10.3.0/../../../../arm-zephyr-eabi/sys-include]
    add: [/home/kjuszcza/zephyr-sdk-0.13.2/arm-zephyr-eabi/bin/../lib/gcc/arm-zephyr-eabi/10.3.0/../../../../arm-zephyr-eabi/include]
  end of search list found
  collapse include dir [/home/kjuszcza/zephyr-sdk-0.13.2/arm-zephyr-eabi/bin/../lib/gcc/arm-zephyr-eabi/10.3.0/../../../../arm-zephyr-eabi/include/c++/10.3.0] ==> [/home/kjuszcza/zephyr-sdk-0.13.2/arm-zephyr-eabi/arm-zephyr-eabi/include/c++/10.3.0]
  collapse include dir [/home/kjuszcza/zephyr-sdk-0.13.2/arm-zephyr-eabi/bin/../lib/gcc/arm-zephyr-eabi/10.3.0/../../../../arm-zephyr-eabi/include/c++/10.3.0/arm-zephyr-eabi] ==> [/home/kjuszcza/zephyr-sdk-0.13.2/arm-zephyr-eabi/arm-zephyr-eabi/include/c++/10.3.0/arm-zephyr-eabi]
  collapse include dir [/home/kjuszcza/zephyr-sdk-0.13.2/arm-zephyr-eabi/bin/../lib/gcc/arm-zephyr-eabi/10.3.0/../../../../arm-zephyr-eabi/include/c++/10.3.0/backward] ==> [/home/kjuszcza/zephyr-sdk-0.13.2/arm-zephyr-eabi/arm-zephyr-eabi/include/c++/10.3.0/backward]
  collapse include dir [/home/kjuszcza/zephyr-sdk-0.13.2/arm-zephyr-eabi/bin/../lib/gcc/arm-zephyr-eabi/10.3.0/include] ==> [/home/kjuszcza/zephyr-sdk-0.13.2/arm-zephyr-eabi/lib/gcc/arm-zephyr-eabi/10.3.0/include]
  collapse include dir [/home/kjuszcza/zephyr-sdk-0.13.2/arm-zephyr-eabi/bin/../lib/gcc/arm-zephyr-eabi/10.3.0/include-fixed] ==> [/home/kjuszcza/zephyr-sdk-0.13.2/arm-zephyr-eabi/lib/gcc/arm-zephyr-eabi/10.3.0/include-fixed]
  collapse include dir [/home/kjuszcza/zephyr-sdk-0.13.2/arm-zephyr-eabi/bin/../lib/gcc/arm-zephyr-eabi/10.3.0/../../../../arm-zephyr-eabi/sys-include] ==> [/home/kjuszcza/zephyr-sdk-0.13.2/arm-zephyr-eabi/arm-zephyr-eabi/sys-include]
  collapse include dir [/home/kjuszcza/zephyr-sdk-0.13.2/arm-zephyr-eabi/bin/../lib/gcc/arm-zephyr-eabi/10.3.0/../../../../arm-zephyr-eabi/include] ==> [/home/kjuszcza/zephyr-sdk-0.13.2/arm-zephyr-eabi/arm-zephyr-eabi/include]
  implicit include dirs: [/home/kjuszcza/zephyr-sdk-0.13.2/arm-zephyr-eabi/arm-zephyr-eabi/include/c++/10.3.0;/home/kjuszcza/zephyr-sdk-0.13.2/arm-zephyr-eabi/arm-zephyr-eabi/include/c++/10.3.0/arm-zephyr-eabi;/home/kjuszcza/zephyr-sdk-0.13.2/arm-zephyr-eabi/arm-zephyr-eabi/include/c++/10.3.0/backward;/home/kjuszcza/zephyr-sdk-0.13.2/arm-zephyr-eabi/lib/gcc/arm-zephyr-eabi/10.3.0/include;/home/kjuszcza/zephyr-sdk-0.13.2/arm-zephyr-eabi/lib/gcc/arm-zephyr-eabi/10.3.0/include-fixed;/home/kjuszcza/zephyr-sdk-0.13.2/arm-zephyr-eabi/arm-zephyr-eabi/sys-include;/home/kjuszcza/zephyr-sdk-0.13.2/arm-zephyr-eabi/arm-zephyr-eabi/include]


Parsed CXX implicit link information from above output:
  link line regex: [^( *|.*[/\])(arm-zephyr-eabi-ld|CMAKE_LINK_STARTFILE-NOTFOUND|([^/\]+-)?ld|collect2)[^/\]*( |$)]
  ignore line: [Change Dir: /home/kjuszcza/magisterka/freertos/build/CMakeFiles/CMakeTmp]
  ignore line: []
  ignore line: [Run Build Command(s):/usr/bin/make -f Makefile cmTC_46c3f/fast && /usr/bin/make  -f CMakeFiles/cmTC_46c3f.dir/build.make CMakeFiles/cmTC_46c3f.dir/build]
  ignore line: [make[1]: Entering directory '/home/kjuszcza/magisterka/freertos/build/CMakeFiles/CMakeTmp']
  ignore line: [Building CXX object CMakeFiles/cmTC_46c3f.dir/CMakeCXXCompilerABI.cpp.obj]
  ignore line: [/home/kjuszcza/zephyr-sdk-0.13.2/arm-zephyr-eabi/bin/arm-zephyr-eabi-g++   -v -o CMakeFiles/cmTC_46c3f.dir/CMakeCXXCompilerABI.cpp.obj -c /usr/share/cmake-3.22/Modules/CMakeCXXCompilerABI.cpp]
  ignore line: [Using built-in specs.]
  ignore line: [COLLECT_GCC=/home/kjuszcza/zephyr-sdk-0.13.2/arm-zephyr-eabi/bin/arm-zephyr-eabi-g++]
  ignore line: [Target: arm-zephyr-eabi]
  ignore line: [Configured with: /workdir/build/build_arm/.build/arm-zephyr-eabi/src/gcc/configure --build=x86_64-build_pc-linux-gnu --host=x86_64-build_pc-linux-gnu --target=arm-zephyr-eabi --prefix=/workdir/build/output/arm-zephyr-eabi --exec_prefix=/workdir/build/output/arm-zephyr-eabi --with-local-prefix=/workdir/build/output/arm-zephyr-eabi/arm-zephyr-eabi --with-headers=/workdir/build/output/arm-zephyr-eabi/arm-zephyr-eabi/include --with-newlib --enable-threads=no --disable-shared --with-pkgversion='crosstool-NG 1.24.0.378_e011758' --enable-__cxa_atexit --disable-tm-clone-registry --disable-libgomp --disable-libmudflap --disable-libmpx --disable-libssp --disable-libquadmath --disable-libquadmath-support --with-gmp=/workdir/build/build_arm/.build/arm-zephyr-eabi/buildtools --with-mpfr=/workdir/build/build_arm/.build/arm-zephyr-eabi/buildtools --with-mpc=/workdir/build/build_arm/.build/arm-zephyr-eabi/buildtools --with-isl=/workdir/build/build_arm/.build/arm-zephyr-eabi/buildtools --enable-lto --with-host-libstdcxx='-static-libgcc -Wl,-Bstatic,-lstdc++,-Bdynamic -lm' --enable-target-optspace --disable-nls --enable-multiarch --with-multilib-list=rmprofile --enable-languages=c,c++ --with-gnu-ld --with-gnu-as --enable-initfini-array]
  ignore line: [Thread model: single]
  ignore line: [Supported LTO compression algorithms: zlib]
  ignore line: [gcc version 10.3.0 (crosstool-NG 1.24.0.378_e011758) ]
  ignore line: [COLLECT_GCC_OPTIONS='-v' '-o' 'CMakeFiles/cmTC_46c3f.dir/CMakeCXXCompilerABI.cpp.obj' '-c' '-mcpu=arm7tdmi' '-mfloat-abi=soft' '-marm' '-march=armv4t']
  ignore line: [ /home/kjuszcza/zephyr-sdk-0.13.2/arm-zephyr-eabi/bin/../libexec/gcc/arm-zephyr-eabi/10.3.0/cc1plus -quiet -v -iprefix /home/kjuszcza/zephyr-sdk-0.13.2/arm-zephyr-eabi/bin/../lib/gcc/arm-zephyr-eabi/10.3.0/ -D__USES_INITFINI__ /usr/share/cmake-3.22/Modules/CMakeCXXCompilerABI.cpp -quiet -dumpbase CMakeCXXCompilerABI.cpp -mcpu=arm7tdmi -mfloat-abi=soft -marm -march=armv4t -auxbase-strip CMakeFiles/cmTC_46c3f.dir/CMakeCXXCompilerABI.cpp.obj -version -o /tmp/ccHGc3UC.s]
  ignore line: [GNU C++14 (crosstool-NG 1.24.0.378_e011758) version 10.3.0 (arm-zephyr-eabi)]
  ignore line: [	compiled by GNU C version 7.5.0  GMP version 6.2.1  MPFR version 4.1.0  MPC version 1.2.0  isl version isl-0.24-GMP]
  ignore line: []
  ignore line: [GGC heuristics: --param ggc-min-expand=100 --param ggc-min-heapsize=131072]
  ignore line: [ignoring duplicate directory "/home/kjuszcza/zephyr-sdk-0.13.2/arm-zephyr-eabi/bin/../lib/gcc/../../lib/gcc/arm-zephyr-eabi/10.3.0/../../../../arm-zephyr-eabi/include/c++/10.3.0"]
  ignore line: [ignoring duplicate directory "/home/kjuszcza/zephyr-sdk-0.13.2/arm-zephyr-eabi/bin/../lib/gcc/../../lib/gcc/arm-zephyr-eabi/10.3.0/../../../../arm-zephyr-eabi/include/c++/10.3.0/arm-zephyr-eabi"]
  ignore line: [ignoring duplicate directory "/home/kjuszcza/zephyr-sdk-0.13.2/arm-zephyr-eabi/bin/../lib/gcc/../../lib/gcc/arm-zephyr-eabi/10.3.0/../../../../arm-zephyr-eabi/include/c++/10.3.0/backward"]
  ignore line: [ignoring duplicate directory "/home/kjuszcza/zephyr-sdk-0.13.2/arm-zephyr-eabi/bin/../lib/gcc/../../lib/gcc/arm-zephyr-eabi/10.3.0/include"]
  ignore line: [ignoring duplicate directory "/home/kjuszcza/zephyr-sdk-0.13.2/arm-zephyr-eabi/bin/../lib/gcc/../../lib/gcc/arm-zephyr-eabi/10.3.0/include-fixed"]
  ignore line: [ignoring duplicate directory "/home/kjuszcza/zephyr-sdk-0.13.2/arm-zephyr-eabi/bin/../lib/gcc/../../lib/gcc/arm-zephyr-eabi/10.3.0/../../../../arm-zephyr-eabi/sys-include"]
  ignore line: [ignoring duplicate directory "/home/kjuszcza/zephyr-sdk-0.13.2/arm-zephyr-eabi/bin/../lib/gcc/../../lib/gcc/arm-zephyr-eabi/10.3.0/../../../../arm-zephyr-eabi/include"]
  ignore line: [#include "..." search starts here:]
  ignore line: [#include <...> search starts here:]
  ignore line: [ /home/kjuszcza/zephyr-sdk-0.13.2/arm-zephyr-eabi/bin/../lib/gcc/arm-zephyr-eabi/10.3.0/../../../../arm-zephyr-eabi/include/c++/10.3.0]
  ignore line: [ /home/kjuszcza/zephyr-sdk-0.13.2/arm-zephyr-eabi/bin/../lib/gcc/arm-zephyr-eabi/10.3.0/../../../../arm-zephyr-eabi/include/c++/10.3.0/arm-zephyr-eabi]
  ignore line: [ /home/kjuszcza/zephyr-sdk-0.13.2/arm-zephyr-eabi/bin/../lib/gcc/arm-zephyr-eabi/10.3.0/../../../../arm-zephyr-eabi/include/c++/10.3.0/backward]
  ignore line: [ /home/kjuszcza/zephyr-sdk-0.13.2/arm-zephyr-eabi/bin/../lib/gcc/arm-zephyr-eabi/10.3.0/include]
  ignore line: [ /home/kjuszcza/zephyr-sdk-0.13.2/arm-zephyr-eabi/bin/../lib/gcc/arm-zephyr-eabi/10.3.0/include-fixed]
  ignore line: [ /home/kjuszcza/zephyr-sdk-0.13.2/arm-zephyr-eabi/bin/../lib/gcc/arm-zephyr-eabi/10.3.0/../../../../arm-zephyr-eabi/sys-include]
  ignore line: [ /home/kjuszcza/zephyr-sdk-0.13.2/arm-zephyr-eabi/bin/../lib/gcc/arm-zephyr-eabi/10.3.0/../../../../arm-zephyr-eabi/include]
  ignore line: [End of search list.]
  ignore line: [GNU C++14 (crosstool-NG 1.24.0.378_e011758) version 10.3.0 (arm-zephyr-eabi)]
  ignore line: [	compiled by GNU C version 7.5.0  GMP version 6.2.1  MPFR version 4.1.0  MPC version 1.2.0  isl version isl-0.24-GMP]
  ignore line: []
  ignore line: [GGC heuristics: --param ggc-min-expand=100 --param ggc-min-heapsize=131072]
  ignore line: [Compiler executable checksum: 53610aedd797d40df1ea0dbe9a5b11c0]
  ignore line: [COLLECT_GCC_OPTIONS='-v' '-o' 'CMakeFiles/cmTC_46c3f.dir/CMakeCXXCompilerABI.cpp.obj' '-c' '-mcpu=arm7tdmi' '-mfloat-abi=soft' '-marm' '-march=armv4t']
  ignore line: [ /home/kjuszcza/zephyr-sdk-0.13.2/arm-zephyr-eabi/bin/../lib/gcc/arm-zephyr-eabi/10.3.0/../../../../arm-zephyr-eabi/bin/as -v -march=armv4t -mfloat-abi=soft -meabi=5 -o CMakeFiles/cmTC_46c3f.dir/CMakeCXXCompilerABI.cpp.obj /tmp/ccHGc3UC.s]
  ignore line: [GNU assembler version 2.35.1 (arm-zephyr-eabi) using BFD version (crosstool-NG 1.24.0.378_e011758) 2.35.1]
  ignore line: [COMPILER_PATH=/home/kjuszcza/zephyr-sdk-0.13.2/arm-zephyr-eabi/bin/../libexec/gcc/arm-zephyr-eabi/10.3.0/:/home/kjuszcza/zephyr-sdk-0.13.2/arm-zephyr-eabi/bin/../libexec/gcc/:/home/kjuszcza/zephyr-sdk-0.13.2/arm-zephyr-eabi/bin/../lib/gcc/arm-zephyr-eabi/10.3.0/../../../../arm-zephyr-eabi/bin/]
  ignore line: [LIBRARY_PATH=/home/kjuszcza/zephyr-sdk-0.13.2/arm-zephyr-eabi/bin/../lib/gcc/arm-zephyr-eabi/10.3.0/:/home/kjuszcza/zephyr-sdk-0.13.2/arm-zephyr-eabi/bin/../lib/gcc/:/home/kjuszcza/zephyr-sdk-0.13.2/arm-zephyr-eabi/bin/../lib/gcc/arm-zephyr-eabi/10.3.0/../../../../arm-zephyr-eabi/lib/]
  ignore line: [COLLECT_GCC_OPTIONS='-v' '-o' 'CMakeFiles/cmTC_46c3f.dir/CMakeCXXCompilerABI.cpp.obj' '-c' '-mcpu=arm7tdmi' '-mfloat-abi=soft' '-marm' '-march=armv4t']
  ignore line: [Linking CXX static library libcmTC_46c3f.a]
  ignore line: [/usr/bin/cmake -P CMakeFiles/cmTC_46c3f.dir/cmake_clean_target.cmake]
  ignore line: [/usr/bin/cmake -E cmake_link_script CMakeFiles/cmTC_46c3f.dir/link.txt --verbose=1]
  ignore line: [/home/kjuszcza/zephyr-sdk-0.13.2/arm-zephyr-eabi/bin/arm-zephyr-eabi-gcc-ar qc libcmTC_46c3f.a CMakeFiles/cmTC_46c3f.dir/CMakeCXXCompilerABI.cpp.obj]
  ignore line: [/home/kjuszcza/zephyr-sdk-0.13.2/arm-zephyr-eabi/bin/arm-zephyr-eabi-gcc-ranlib libcmTC_46c3f.a]
  ignore line: [make[1]: Leaving directory '/home/kjuszcza/magisterka/freertos/build/CMakeFiles/CMakeTmp']
  ignore line: []
  ignore line: []
  implicit libs: []
  implicit objs: []
  implicit dirs: []
  implicit fwks: []


